CRITICAL - 2022-03-24 18:50:28 --> Function name must be a string
#0 C:\laragon\www\FreeFood\system\View\View.php(210): include()
#1 C:\laragon\www\FreeFood\system\View\View.php(213): CodeIgniter\View\View->CodeIgniter\View\{closure}()
#2 C:\laragon\www\FreeFood\system\Common.php(1089): CodeIgniter\View\View->render('welcome_message', Array, true)
#3 C:\laragon\www\FreeFood\app\Controllers\Home.php(9): view('welcome_message')
#4 C:\laragon\www\FreeFood\system\CodeIgniter.php(832): App\Controllers\Home->index()
#5 C:\laragon\www\FreeFood\system\CodeIgniter.php(419): CodeIgniter\CodeIgniter->runController(Object(App\Controllers\Home))
#6 C:\laragon\www\FreeFood\system\CodeIgniter.php(326): CodeIgniter\CodeIgniter->handleRequest(NULL, Object(Config\Cache), false)
#7 C:\laragon\www\FreeFood\index.php(44): CodeIgniter\CodeIgniter->run()
#8 {main}
CRITICAL - 2022-03-24 19:48:48 --> Invalid file: welcome_message.php
#0 C:\laragon\www\FreeFood\system\View\View.php(198): CodeIgniter\Exceptions\FrameworkException::forInvalidFile('welcome_message...')
#1 C:\laragon\www\FreeFood\system\Common.php(1089): CodeIgniter\View\View->render('welcome_message', Array, true)
#2 C:\laragon\www\FreeFood\app\Controllers\Home.php(9): view('welcome_message')
#3 C:\laragon\www\FreeFood\system\CodeIgniter.php(832): App\Controllers\Home->index()
#4 C:\laragon\www\FreeFood\system\CodeIgniter.php(419): CodeIgniter\CodeIgniter->runController(Object(App\Controllers\Home))
#5 C:\laragon\www\FreeFood\system\CodeIgniter.php(326): CodeIgniter\CodeIgniter->handleRequest(NULL, Object(Config\Cache), false)
#6 C:\laragon\www\FreeFood\index.php(44): CodeIgniter\CodeIgniter->run()
#7 {main}
CRITICAL - 2022-03-24 19:50:24 --> Invalid file: welcome_message.php
#0 C:\laragon\www\FreeFood\system\View\View.php(198): CodeIgniter\Exceptions\FrameworkException::forInvalidFile('welcome_message...')
#1 C:\laragon\www\FreeFood\system\Common.php(1089): CodeIgniter\View\View->render('welcome_message', Array, true)
#2 C:\laragon\www\FreeFood\app\Controllers\Home.php(9): view('welcome_message')
#3 C:\laragon\www\FreeFood\system\CodeIgniter.php(832): App\Controllers\Home->index()
#4 C:\laragon\www\FreeFood\system\CodeIgniter.php(419): CodeIgniter\CodeIgniter->runController(Object(App\Controllers\Home))
#5 C:\laragon\www\FreeFood\system\CodeIgniter.php(326): CodeIgniter\CodeIgniter->handleRequest(NULL, Object(Config\Cache), false)
#6 C:\laragon\www\FreeFood\index.php(44): CodeIgniter\CodeIgniter->run()
#7 {main}
CRITICAL - 2022-03-24 19:51:12 --> Invalid file: welcome_message.php
#0 C:\laragon\www\FreeFood\system\View\View.php(198): CodeIgniter\Exceptions\FrameworkException::forInvalidFile('welcome_message...')
#1 C:\laragon\www\FreeFood\system\Common.php(1089): CodeIgniter\View\View->render('welcome_message', Array, true)
#2 C:\laragon\www\FreeFood\app\Controllers\Home.php(9): view('welcome_message')
#3 C:\laragon\www\FreeFood\system\CodeIgniter.php(832): App\Controllers\Home->index()
#4 C:\laragon\www\FreeFood\system\CodeIgniter.php(419): CodeIgniter\CodeIgniter->runController(Object(App\Controllers\Home))
#5 C:\laragon\www\FreeFood\system\CodeIgniter.php(326): CodeIgniter\CodeIgniter->handleRequest(NULL, Object(Config\Cache), false)
#6 C:\laragon\www\FreeFood\index.php(44): CodeIgniter\CodeIgniter->run()
#7 {main}
CRITICAL - 2022-03-24 19:52:16 --> Invalid file: welcome_message.php
#0 C:\laragon\www\FreeFood\system\View\View.php(198): CodeIgniter\Exceptions\FrameworkException::forInvalidFile('welcome_message...')
#1 C:\laragon\www\FreeFood\system\Common.php(1089): CodeIgniter\View\View->render('welcome_message', Array, true)
#2 C:\laragon\www\FreeFood\app\Controllers\Home.php(9): view('welcome_message')
#3 C:\laragon\www\FreeFood\system\CodeIgniter.php(832): App\Controllers\Home->index()
#4 C:\laragon\www\FreeFood\system\CodeIgniter.php(419): CodeIgniter\CodeIgniter->runController(Object(App\Controllers\Home))
#5 C:\laragon\www\FreeFood\system\CodeIgniter.php(326): CodeIgniter\CodeIgniter->handleRequest(NULL, Object(Config\Cache), false)
#6 C:\laragon\www\FreeFood\index.php(44): CodeIgniter\CodeIgniter->run()
#7 {main}
