ERROR - 2022-03-25 20:45:37 --> Error connecting to the database: Access denied for user ''@'localhost' (using password: NO)
CRITICAL - 2022-03-25 20:45:37 --> Unable to connect to the database.
Main connection [MySQLi]: Access denied for user ''@'localhost' (using password: NO)
#0 C:\laragon\www\FreeFood\system\Database\BaseConnection.php(577): CodeIgniter\Database\BaseConnection->initialize()
#1 C:\laragon\www\FreeFood\system\Database\BaseBuilder.php(1455): CodeIgniter\Database\BaseConnection->query('SELECT `residen...', Array, false)
#2 C:\laragon\www\FreeFood\system\Model.php(183): CodeIgniter\Database\BaseBuilder->get()
#3 C:\laragon\www\FreeFood\system\BaseModel.php(584): CodeIgniter\Model->doFindAll(0, 0)
#4 C:\laragon\www\FreeFood\app\Models\ResidentesModel.php(32): CodeIgniter\BaseModel->findAll()
#5 C:\laragon\www\FreeFood\app\Controllers\Residentes.php(35): App\Models\ResidentesModel->obtener()
#6 C:\laragon\www\FreeFood\system\CodeIgniter.php(832): App\Controllers\Residentes->get()
#7 C:\laragon\www\FreeFood\system\CodeIgniter.php(419): CodeIgniter\CodeIgniter->runController(Object(App\Controllers\Residentes))
#8 C:\laragon\www\FreeFood\system\CodeIgniter.php(326): CodeIgniter\CodeIgniter->handleRequest(NULL, Object(Config\Cache), false)
#9 C:\laragon\www\FreeFood\index.php(44): CodeIgniter\CodeIgniter->run()
#10 {main}
ERROR - 2022-03-25 20:45:45 --> Error connecting to the database: Access denied for user ''@'localhost' (using password: NO)
CRITICAL - 2022-03-25 20:45:45 --> Unable to connect to the database.
Main connection [MySQLi]: Access denied for user ''@'localhost' (using password: NO)
#0 C:\laragon\www\FreeFood\system\Database\BaseConnection.php(577): CodeIgniter\Database\BaseConnection->initialize()
#1 C:\laragon\www\FreeFood\system\Database\BaseBuilder.php(1455): CodeIgniter\Database\BaseConnection->query('SELECT `residen...', Array, false)
#2 C:\laragon\www\FreeFood\system\Model.php(183): CodeIgniter\Database\BaseBuilder->get()
#3 C:\laragon\www\FreeFood\system\BaseModel.php(584): CodeIgniter\Model->doFindAll(0, 0)
#4 C:\laragon\www\FreeFood\app\Models\ResidentesModel.php(32): CodeIgniter\BaseModel->findAll()
#5 C:\laragon\www\FreeFood\app\Controllers\Residentes.php(35): App\Models\ResidentesModel->obtener()
#6 C:\laragon\www\FreeFood\system\CodeIgniter.php(832): App\Controllers\Residentes->get()
#7 C:\laragon\www\FreeFood\system\CodeIgniter.php(419): CodeIgniter\CodeIgniter->runController(Object(App\Controllers\Residentes))
#8 C:\laragon\www\FreeFood\system\CodeIgniter.php(326): CodeIgniter\CodeIgniter->handleRequest(NULL, Object(Config\Cache), false)
#9 C:\laragon\www\FreeFood\index.php(44): CodeIgniter\CodeIgniter->run()
#10 {main}
ERROR - 2022-03-25 20:46:06 --> Error connecting to the database: Access denied for user ''@'localhost' (using password: NO)
CRITICAL - 2022-03-25 20:46:06 --> Unable to connect to the database.
Main connection [MySQLi]: Access denied for user ''@'localhost' (using password: NO)
#0 C:\laragon\www\FreeFood\system\Database\BaseConnection.php(577): CodeIgniter\Database\BaseConnection->initialize()
#1 C:\laragon\www\FreeFood\system\Database\BaseBuilder.php(1455): CodeIgniter\Database\BaseConnection->query('SELECT `residen...', Array, false)
#2 C:\laragon\www\FreeFood\system\Model.php(183): CodeIgniter\Database\BaseBuilder->get()
#3 C:\laragon\www\FreeFood\system\BaseModel.php(584): CodeIgniter\Model->doFindAll(0, 0)
#4 C:\laragon\www\FreeFood\app\Models\ResidentesModel.php(32): CodeIgniter\BaseModel->findAll()
#5 C:\laragon\www\FreeFood\app\Controllers\Residentes.php(35): App\Models\ResidentesModel->obtener()
#6 C:\laragon\www\FreeFood\system\CodeIgniter.php(832): App\Controllers\Residentes->get()
#7 C:\laragon\www\FreeFood\system\CodeIgniter.php(419): CodeIgniter\CodeIgniter->runController(Object(App\Controllers\Residentes))
#8 C:\laragon\www\FreeFood\system\CodeIgniter.php(326): CodeIgniter\CodeIgniter->handleRequest(NULL, Object(Config\Cache), false)
#9 C:\laragon\www\FreeFood\index.php(44): CodeIgniter\CodeIgniter->run()
#10 {main}
ERROR - 2022-03-25 20:46:07 --> Error connecting to the database: Access denied for user ''@'localhost' (using password: NO)
CRITICAL - 2022-03-25 20:46:07 --> Unable to connect to the database.
Main connection [MySQLi]: Access denied for user ''@'localhost' (using password: NO)
#0 C:\laragon\www\FreeFood\system\Database\BaseConnection.php(577): CodeIgniter\Database\BaseConnection->initialize()
#1 C:\laragon\www\FreeFood\system\Database\BaseBuilder.php(1455): CodeIgniter\Database\BaseConnection->query('SELECT `residen...', Array, false)
#2 C:\laragon\www\FreeFood\system\Model.php(183): CodeIgniter\Database\BaseBuilder->get()
#3 C:\laragon\www\FreeFood\system\BaseModel.php(584): CodeIgniter\Model->doFindAll(0, 0)
#4 C:\laragon\www\FreeFood\app\Models\ResidentesModel.php(32): CodeIgniter\BaseModel->findAll()
#5 C:\laragon\www\FreeFood\app\Controllers\Residentes.php(35): App\Models\ResidentesModel->obtener()
#6 C:\laragon\www\FreeFood\system\CodeIgniter.php(832): App\Controllers\Residentes->get()
#7 C:\laragon\www\FreeFood\system\CodeIgniter.php(419): CodeIgniter\CodeIgniter->runController(Object(App\Controllers\Residentes))
#8 C:\laragon\www\FreeFood\system\CodeIgniter.php(326): CodeIgniter\CodeIgniter->handleRequest(NULL, Object(Config\Cache), false)
#9 C:\laragon\www\FreeFood\index.php(44): CodeIgniter\CodeIgniter->run()
#10 {main}
ERROR - 2022-03-25 20:46:10 --> Error connecting to the database: Access denied for user ''@'localhost' (using password: NO)
CRITICAL - 2022-03-25 20:46:10 --> Unable to connect to the database.
Main connection [MySQLi]: Access denied for user ''@'localhost' (using password: NO)
#0 C:\laragon\www\FreeFood\system\Database\BaseConnection.php(577): CodeIgniter\Database\BaseConnection->initialize()
#1 C:\laragon\www\FreeFood\system\Database\BaseBuilder.php(1455): CodeIgniter\Database\BaseConnection->query('SELECT `residen...', Array, false)
#2 C:\laragon\www\FreeFood\system\Model.php(183): CodeIgniter\Database\BaseBuilder->get()
#3 C:\laragon\www\FreeFood\system\BaseModel.php(584): CodeIgniter\Model->doFindAll(0, 0)
#4 C:\laragon\www\FreeFood\app\Models\ResidentesModel.php(32): CodeIgniter\BaseModel->findAll()
#5 C:\laragon\www\FreeFood\app\Controllers\Residentes.php(35): App\Models\ResidentesModel->obtener()
#6 C:\laragon\www\FreeFood\system\CodeIgniter.php(832): App\Controllers\Residentes->get()
#7 C:\laragon\www\FreeFood\system\CodeIgniter.php(419): CodeIgniter\CodeIgniter->runController(Object(App\Controllers\Residentes))
#8 C:\laragon\www\FreeFood\system\CodeIgniter.php(326): CodeIgniter\CodeIgniter->handleRequest(NULL, Object(Config\Cache), false)
#9 C:\laragon\www\FreeFood\index.php(44): CodeIgniter\CodeIgniter->run()
#10 {main}
ERROR - 2022-03-25 20:46:23 --> Error connecting to the database: Access denied for user ''@'localhost' (using password: NO)
CRITICAL - 2022-03-25 20:46:23 --> Unable to connect to the database.
Main connection [MySQLi]: Access denied for user ''@'localhost' (using password: NO)
#0 C:\laragon\www\FreeFood\system\Database\BaseConnection.php(577): CodeIgniter\Database\BaseConnection->initialize()
#1 C:\laragon\www\FreeFood\system\Database\BaseBuilder.php(1455): CodeIgniter\Database\BaseConnection->query('SELECT `residen...', Array, false)
#2 C:\laragon\www\FreeFood\system\Model.php(183): CodeIgniter\Database\BaseBuilder->get()
#3 C:\laragon\www\FreeFood\system\BaseModel.php(584): CodeIgniter\Model->doFindAll(0, 0)
#4 C:\laragon\www\FreeFood\app\Models\ResidentesModel.php(32): CodeIgniter\BaseModel->findAll()
#5 C:\laragon\www\FreeFood\app\Controllers\Residentes.php(35): App\Models\ResidentesModel->obtener()
#6 C:\laragon\www\FreeFood\system\CodeIgniter.php(832): App\Controllers\Residentes->get()
#7 C:\laragon\www\FreeFood\system\CodeIgniter.php(419): CodeIgniter\CodeIgniter->runController(Object(App\Controllers\Residentes))
#8 C:\laragon\www\FreeFood\system\CodeIgniter.php(326): CodeIgniter\CodeIgniter->handleRequest(NULL, Object(Config\Cache), false)
#9 C:\laragon\www\FreeFood\index.php(44): CodeIgniter\CodeIgniter->run()
#10 {main}
ERROR - 2022-03-25 20:48:28 --> Error connecting to the database: Access denied for user ''@'localhost' (using password: NO)
CRITICAL - 2022-03-25 20:48:28 --> Unable to connect to the database.
Main connection [MySQLi]: Access denied for user ''@'localhost' (using password: NO)
#0 C:\laragon\www\FreeFood\system\Database\BaseConnection.php(577): CodeIgniter\Database\BaseConnection->initialize()
#1 C:\laragon\www\FreeFood\system\Database\BaseBuilder.php(1455): CodeIgniter\Database\BaseConnection->query('SELECT `residen...', Array, false)
#2 C:\laragon\www\FreeFood\system\Model.php(183): CodeIgniter\Database\BaseBuilder->get()
#3 C:\laragon\www\FreeFood\system\BaseModel.php(584): CodeIgniter\Model->doFindAll(0, 0)
#4 C:\laragon\www\FreeFood\app\Models\ResidentesModel.php(32): CodeIgniter\BaseModel->findAll()
#5 C:\laragon\www\FreeFood\app\Controllers\Residentes.php(35): App\Models\ResidentesModel->obtener()
#6 C:\laragon\www\FreeFood\system\CodeIgniter.php(832): App\Controllers\Residentes->get()
#7 C:\laragon\www\FreeFood\system\CodeIgniter.php(419): CodeIgniter\CodeIgniter->runController(Object(App\Controllers\Residentes))
#8 C:\laragon\www\FreeFood\system\CodeIgniter.php(326): CodeIgniter\CodeIgniter->handleRequest(NULL, Object(Config\Cache), false)
#9 C:\laragon\www\FreeFood\index.php(44): CodeIgniter\CodeIgniter->run()
#10 {main}
ERROR - 2022-03-25 20:53:18 --> Error connecting to the database: Access denied for user ''@'localhost' (using password: NO)
CRITICAL - 2022-03-25 20:53:18 --> Unable to connect to the database.
Main connection [MySQLi]: Access denied for user ''@'localhost' (using password: NO)
#0 C:\laragon\www\FreeFood\system\Database\BaseConnection.php(577): CodeIgniter\Database\BaseConnection->initialize()
#1 C:\laragon\www\FreeFood\system\Database\BaseBuilder.php(1455): CodeIgniter\Database\BaseConnection->query('SELECT `residen...', Array, false)
#2 C:\laragon\www\FreeFood\system\Model.php(183): CodeIgniter\Database\BaseBuilder->get()
#3 C:\laragon\www\FreeFood\system\BaseModel.php(584): CodeIgniter\Model->doFindAll(0, 0)
#4 C:\laragon\www\FreeFood\app\Models\ResidentesModel.php(32): CodeIgniter\BaseModel->findAll()
#5 C:\laragon\www\FreeFood\app\Controllers\Residentes.php(35): App\Models\ResidentesModel->obtener()
#6 C:\laragon\www\FreeFood\system\CodeIgniter.php(832): App\Controllers\Residentes->get()
#7 C:\laragon\www\FreeFood\system\CodeIgniter.php(419): CodeIgniter\CodeIgniter->runController(Object(App\Controllers\Residentes))
#8 C:\laragon\www\FreeFood\system\CodeIgniter.php(326): CodeIgniter\CodeIgniter->handleRequest(NULL, Object(Config\Cache), false)
#9 C:\laragon\www\FreeFood\index.php(44): CodeIgniter\CodeIgniter->run()
#10 {main}
ERROR - 2022-03-25 20:53:20 --> Error connecting to the database: Access denied for user ''@'localhost' (using password: NO)
CRITICAL - 2022-03-25 20:53:20 --> Unable to connect to the database.
Main connection [MySQLi]: Access denied for user ''@'localhost' (using password: NO)
#0 C:\laragon\www\FreeFood\system\Database\BaseConnection.php(577): CodeIgniter\Database\BaseConnection->initialize()
#1 C:\laragon\www\FreeFood\system\Database\BaseBuilder.php(1455): CodeIgniter\Database\BaseConnection->query('SELECT `residen...', Array, false)
#2 C:\laragon\www\FreeFood\system\Model.php(183): CodeIgniter\Database\BaseBuilder->get()
#3 C:\laragon\www\FreeFood\system\BaseModel.php(584): CodeIgniter\Model->doFindAll(0, 0)
#4 C:\laragon\www\FreeFood\app\Models\ResidentesModel.php(32): CodeIgniter\BaseModel->findAll()
#5 C:\laragon\www\FreeFood\app\Controllers\Residentes.php(35): App\Models\ResidentesModel->obtener()
#6 C:\laragon\www\FreeFood\system\CodeIgniter.php(832): App\Controllers\Residentes->get()
#7 C:\laragon\www\FreeFood\system\CodeIgniter.php(419): CodeIgniter\CodeIgniter->runController(Object(App\Controllers\Residentes))
#8 C:\laragon\www\FreeFood\system\CodeIgniter.php(326): CodeIgniter\CodeIgniter->handleRequest(NULL, Object(Config\Cache), false)
#9 C:\laragon\www\FreeFood\index.php(44): CodeIgniter\CodeIgniter->run()
#10 {main}
ERROR - 2022-03-25 20:53:21 --> Error connecting to the database: Access denied for user ''@'localhost' (using password: NO)
CRITICAL - 2022-03-25 20:53:21 --> Unable to connect to the database.
Main connection [MySQLi]: Access denied for user ''@'localhost' (using password: NO)
#0 C:\laragon\www\FreeFood\system\Database\BaseConnection.php(577): CodeIgniter\Database\BaseConnection->initialize()
#1 C:\laragon\www\FreeFood\system\Database\BaseBuilder.php(1455): CodeIgniter\Database\BaseConnection->query('SELECT `residen...', Array, false)
#2 C:\laragon\www\FreeFood\system\Model.php(183): CodeIgniter\Database\BaseBuilder->get()
#3 C:\laragon\www\FreeFood\system\BaseModel.php(584): CodeIgniter\Model->doFindAll(0, 0)
#4 C:\laragon\www\FreeFood\app\Models\ResidentesModel.php(32): CodeIgniter\BaseModel->findAll()
#5 C:\laragon\www\FreeFood\app\Controllers\Residentes.php(35): App\Models\ResidentesModel->obtener()
#6 C:\laragon\www\FreeFood\system\CodeIgniter.php(832): App\Controllers\Residentes->get()
#7 C:\laragon\www\FreeFood\system\CodeIgniter.php(419): CodeIgniter\CodeIgniter->runController(Object(App\Controllers\Residentes))
#8 C:\laragon\www\FreeFood\system\CodeIgniter.php(326): CodeIgniter\CodeIgniter->handleRequest(NULL, Object(Config\Cache), false)
#9 C:\laragon\www\FreeFood\index.php(44): CodeIgniter\CodeIgniter->run()
#10 {main}
ERROR - 2022-03-25 20:53:23 --> Error connecting to the database: Access denied for user ''@'localhost' (using password: NO)
CRITICAL - 2022-03-25 20:53:23 --> Unable to connect to the database.
Main connection [MySQLi]: Access denied for user ''@'localhost' (using password: NO)
#0 C:\laragon\www\FreeFood\system\Database\BaseConnection.php(577): CodeIgniter\Database\BaseConnection->initialize()
#1 C:\laragon\www\FreeFood\system\Database\BaseBuilder.php(1455): CodeIgniter\Database\BaseConnection->query('SELECT `residen...', Array, false)
#2 C:\laragon\www\FreeFood\system\Model.php(183): CodeIgniter\Database\BaseBuilder->get()
#3 C:\laragon\www\FreeFood\system\BaseModel.php(584): CodeIgniter\Model->doFindAll(0, 0)
#4 C:\laragon\www\FreeFood\app\Models\ResidentesModel.php(32): CodeIgniter\BaseModel->findAll()
#5 C:\laragon\www\FreeFood\app\Controllers\Residentes.php(35): App\Models\ResidentesModel->obtener()
#6 C:\laragon\www\FreeFood\system\CodeIgniter.php(832): App\Controllers\Residentes->get()
#7 C:\laragon\www\FreeFood\system\CodeIgniter.php(419): CodeIgniter\CodeIgniter->runController(Object(App\Controllers\Residentes))
#8 C:\laragon\www\FreeFood\system\CodeIgniter.php(326): CodeIgniter\CodeIgniter->handleRequest(NULL, Object(Config\Cache), false)
#9 C:\laragon\www\FreeFood\index.php(44): CodeIgniter\CodeIgniter->run()
#10 {main}
ERROR - 2022-03-25 20:55:08 --> Error connecting to the database: Access denied for user ''@'localhost' (using password: NO)
CRITICAL - 2022-03-25 20:55:08 --> Unable to connect to the database.
Main connection [MySQLi]: Access denied for user ''@'localhost' (using password: NO)
#0 C:\laragon\www\FreeFood\system\Database\BaseConnection.php(577): CodeIgniter\Database\BaseConnection->initialize()
#1 C:\laragon\www\FreeFood\system\Database\BaseBuilder.php(1455): CodeIgniter\Database\BaseConnection->query('SELECT `residen...', Array, false)
#2 C:\laragon\www\FreeFood\system\Model.php(183): CodeIgniter\Database\BaseBuilder->get()
#3 C:\laragon\www\FreeFood\system\BaseModel.php(584): CodeIgniter\Model->doFindAll(0, 0)
#4 C:\laragon\www\FreeFood\app\Models\ResidentesModel.php(32): CodeIgniter\BaseModel->findAll()
#5 C:\laragon\www\FreeFood\app\Controllers\Residentes.php(35): App\Models\ResidentesModel->obtener()
#6 C:\laragon\www\FreeFood\system\CodeIgniter.php(832): App\Controllers\Residentes->get()
#7 C:\laragon\www\FreeFood\system\CodeIgniter.php(419): CodeIgniter\CodeIgniter->runController(Object(App\Controllers\Residentes))
#8 C:\laragon\www\FreeFood\system\CodeIgniter.php(326): CodeIgniter\CodeIgniter->handleRequest(NULL, Object(Config\Cache), false)
#9 C:\laragon\www\FreeFood\index.php(44): CodeIgniter\CodeIgniter->run()
#10 {main}
ERROR - 2022-03-25 20:55:15 --> Error connecting to the database: Access denied for user ''@'localhost' (using password: NO)
CRITICAL - 2022-03-25 20:55:15 --> Unable to connect to the database.
Main connection [MySQLi]: Access denied for user ''@'localhost' (using password: NO)
#0 C:\laragon\www\FreeFood\system\Database\BaseConnection.php(577): CodeIgniter\Database\BaseConnection->initialize()
#1 C:\laragon\www\FreeFood\system\Database\BaseBuilder.php(1455): CodeIgniter\Database\BaseConnection->query('SELECT `residen...', Array, false)
#2 C:\laragon\www\FreeFood\system\Model.php(183): CodeIgniter\Database\BaseBuilder->get()
#3 C:\laragon\www\FreeFood\system\BaseModel.php(584): CodeIgniter\Model->doFindAll(0, 0)
#4 C:\laragon\www\FreeFood\app\Models\ResidentesModel.php(32): CodeIgniter\BaseModel->findAll()
#5 C:\laragon\www\FreeFood\app\Controllers\Residentes.php(35): App\Models\ResidentesModel->obtener()
#6 C:\laragon\www\FreeFood\system\CodeIgniter.php(832): App\Controllers\Residentes->get()
#7 C:\laragon\www\FreeFood\system\CodeIgniter.php(419): CodeIgniter\CodeIgniter->runController(Object(App\Controllers\Residentes))
#8 C:\laragon\www\FreeFood\system\CodeIgniter.php(326): CodeIgniter\CodeIgniter->handleRequest(NULL, Object(Config\Cache), false)
#9 C:\laragon\www\FreeFood\index.php(44): CodeIgniter\CodeIgniter->run()
#10 {main}
ERROR - 2022-03-25 20:58:49 --> Error connecting to the database: Access denied for user ''@'localhost' (using password: NO)
CRITICAL - 2022-03-25 20:58:49 --> Unable to connect to the database.
Main connection [MySQLi]: Access denied for user ''@'localhost' (using password: NO)
#0 C:\laragon\www\FreeFood\system\Database\BaseConnection.php(577): CodeIgniter\Database\BaseConnection->initialize()
#1 C:\laragon\www\FreeFood\system\Database\BaseBuilder.php(1455): CodeIgniter\Database\BaseConnection->query('SELECT `residen...', Array, false)
#2 C:\laragon\www\FreeFood\system\Model.php(183): CodeIgniter\Database\BaseBuilder->get()
#3 C:\laragon\www\FreeFood\system\BaseModel.php(584): CodeIgniter\Model->doFindAll(0, 0)
#4 C:\laragon\www\FreeFood\app\Models\ResidentesModel.php(32): CodeIgniter\BaseModel->findAll()
#5 C:\laragon\www\FreeFood\app\Controllers\Residentes.php(35): App\Models\ResidentesModel->obtener()
#6 C:\laragon\www\FreeFood\system\CodeIgniter.php(832): App\Controllers\Residentes->get()
#7 C:\laragon\www\FreeFood\system\CodeIgniter.php(419): CodeIgniter\CodeIgniter->runController(Object(App\Controllers\Residentes))
#8 C:\laragon\www\FreeFood\system\CodeIgniter.php(326): CodeIgniter\CodeIgniter->handleRequest(NULL, Object(Config\Cache), false)
#9 C:\laragon\www\FreeFood\index.php(44): CodeIgniter\CodeIgniter->run()
#10 {main}
ERROR - 2022-03-25 20:58:51 --> Error connecting to the database: Access denied for user ''@'localhost' (using password: NO)
CRITICAL - 2022-03-25 20:58:51 --> Unable to connect to the database.
Main connection [MySQLi]: Access denied for user ''@'localhost' (using password: NO)
#0 C:\laragon\www\FreeFood\system\Database\BaseConnection.php(577): CodeIgniter\Database\BaseConnection->initialize()
#1 C:\laragon\www\FreeFood\system\Database\BaseBuilder.php(1455): CodeIgniter\Database\BaseConnection->query('SELECT `residen...', Array, false)
#2 C:\laragon\www\FreeFood\system\Model.php(183): CodeIgniter\Database\BaseBuilder->get()
#3 C:\laragon\www\FreeFood\system\BaseModel.php(584): CodeIgniter\Model->doFindAll(0, 0)
#4 C:\laragon\www\FreeFood\app\Models\ResidentesModel.php(32): CodeIgniter\BaseModel->findAll()
#5 C:\laragon\www\FreeFood\app\Controllers\Residentes.php(35): App\Models\ResidentesModel->obtener()
#6 C:\laragon\www\FreeFood\system\CodeIgniter.php(832): App\Controllers\Residentes->get()
#7 C:\laragon\www\FreeFood\system\CodeIgniter.php(419): CodeIgniter\CodeIgniter->runController(Object(App\Controllers\Residentes))
#8 C:\laragon\www\FreeFood\system\CodeIgniter.php(326): CodeIgniter\CodeIgniter->handleRequest(NULL, Object(Config\Cache), false)
#9 C:\laragon\www\FreeFood\index.php(44): CodeIgniter\CodeIgniter->run()
#10 {main}
ERROR - 2022-03-25 20:58:55 --> Error connecting to the database: Access denied for user ''@'localhost' (using password: NO)
CRITICAL - 2022-03-25 20:58:55 --> Unable to connect to the database.
Main connection [MySQLi]: Access denied for user ''@'localhost' (using password: NO)
#0 C:\laragon\www\FreeFood\system\Database\BaseConnection.php(577): CodeIgniter\Database\BaseConnection->initialize()
#1 C:\laragon\www\FreeFood\system\Database\BaseBuilder.php(1455): CodeIgniter\Database\BaseConnection->query('SELECT `residen...', Array, false)
#2 C:\laragon\www\FreeFood\system\Model.php(183): CodeIgniter\Database\BaseBuilder->get()
#3 C:\laragon\www\FreeFood\system\BaseModel.php(584): CodeIgniter\Model->doFindAll(0, 0)
#4 C:\laragon\www\FreeFood\app\Models\ResidentesModel.php(32): CodeIgniter\BaseModel->findAll()
#5 C:\laragon\www\FreeFood\app\Controllers\Residentes.php(35): App\Models\ResidentesModel->obtener()
#6 C:\laragon\www\FreeFood\system\CodeIgniter.php(832): App\Controllers\Residentes->get()
#7 C:\laragon\www\FreeFood\system\CodeIgniter.php(419): CodeIgniter\CodeIgniter->runController(Object(App\Controllers\Residentes))
#8 C:\laragon\www\FreeFood\system\CodeIgniter.php(326): CodeIgniter\CodeIgniter->handleRequest(NULL, Object(Config\Cache), false)
#9 C:\laragon\www\FreeFood\index.php(44): CodeIgniter\CodeIgniter->run()
#10 {main}
ERROR - 2022-03-25 20:58:56 --> Error connecting to the database: Access denied for user ''@'localhost' (using password: NO)
CRITICAL - 2022-03-25 20:58:56 --> Unable to connect to the database.
Main connection [MySQLi]: Access denied for user ''@'localhost' (using password: NO)
#0 C:\laragon\www\FreeFood\system\Database\BaseConnection.php(577): CodeIgniter\Database\BaseConnection->initialize()
#1 C:\laragon\www\FreeFood\system\Database\BaseBuilder.php(1455): CodeIgniter\Database\BaseConnection->query('SELECT `residen...', Array, false)
#2 C:\laragon\www\FreeFood\system\Model.php(183): CodeIgniter\Database\BaseBuilder->get()
#3 C:\laragon\www\FreeFood\system\BaseModel.php(584): CodeIgniter\Model->doFindAll(0, 0)
#4 C:\laragon\www\FreeFood\app\Models\ResidentesModel.php(32): CodeIgniter\BaseModel->findAll()
#5 C:\laragon\www\FreeFood\app\Controllers\Residentes.php(35): App\Models\ResidentesModel->obtener()
#6 C:\laragon\www\FreeFood\system\CodeIgniter.php(832): App\Controllers\Residentes->get()
#7 C:\laragon\www\FreeFood\system\CodeIgniter.php(419): CodeIgniter\CodeIgniter->runController(Object(App\Controllers\Residentes))
#8 C:\laragon\www\FreeFood\system\CodeIgniter.php(326): CodeIgniter\CodeIgniter->handleRequest(NULL, Object(Config\Cache), false)
#9 C:\laragon\www\FreeFood\index.php(44): CodeIgniter\CodeIgniter->run()
#10 {main}
ERROR - 2022-03-25 20:59:18 --> Error connecting to the database: Access denied for user ''@'localhost' (using password: NO)
CRITICAL - 2022-03-25 20:59:18 --> Unable to connect to the database.
Main connection [MySQLi]: Access denied for user ''@'localhost' (using password: NO)
#0 C:\laragon\www\FreeFood\system\Database\BaseConnection.php(577): CodeIgniter\Database\BaseConnection->initialize()
#1 C:\laragon\www\FreeFood\system\Database\BaseBuilder.php(1455): CodeIgniter\Database\BaseConnection->query('SELECT `residen...', Array, false)
#2 C:\laragon\www\FreeFood\system\Model.php(183): CodeIgniter\Database\BaseBuilder->get()
#3 C:\laragon\www\FreeFood\system\BaseModel.php(584): CodeIgniter\Model->doFindAll(0, 0)
#4 C:\laragon\www\FreeFood\app\Models\ResidentesModel.php(32): CodeIgniter\BaseModel->findAll()
#5 C:\laragon\www\FreeFood\app\Controllers\Residentes.php(35): App\Models\ResidentesModel->obtener()
#6 C:\laragon\www\FreeFood\system\CodeIgniter.php(832): App\Controllers\Residentes->get()
#7 C:\laragon\www\FreeFood\system\CodeIgniter.php(419): CodeIgniter\CodeIgniter->runController(Object(App\Controllers\Residentes))
#8 C:\laragon\www\FreeFood\system\CodeIgniter.php(326): CodeIgniter\CodeIgniter->handleRequest(NULL, Object(Config\Cache), false)
#9 C:\laragon\www\FreeFood\index.php(44): CodeIgniter\CodeIgniter->run()
#10 {main}
ERROR - 2022-03-25 20:59:25 --> Error connecting to the database: Access denied for user ''@'localhost' (using password: NO)
CRITICAL - 2022-03-25 20:59:25 --> Unable to connect to the database.
Main connection [MySQLi]: Access denied for user ''@'localhost' (using password: NO)
#0 C:\laragon\www\FreeFood\system\Database\BaseConnection.php(577): CodeIgniter\Database\BaseConnection->initialize()
#1 C:\laragon\www\FreeFood\system\Database\BaseBuilder.php(1455): CodeIgniter\Database\BaseConnection->query('SELECT `residen...', Array, false)
#2 C:\laragon\www\FreeFood\system\Model.php(183): CodeIgniter\Database\BaseBuilder->get()
#3 C:\laragon\www\FreeFood\system\BaseModel.php(584): CodeIgniter\Model->doFindAll(0, 0)
#4 C:\laragon\www\FreeFood\app\Models\ResidentesModel.php(32): CodeIgniter\BaseModel->findAll()
#5 C:\laragon\www\FreeFood\app\Controllers\Residentes.php(35): App\Models\ResidentesModel->obtener()
#6 C:\laragon\www\FreeFood\system\CodeIgniter.php(832): App\Controllers\Residentes->get()
#7 C:\laragon\www\FreeFood\system\CodeIgniter.php(419): CodeIgniter\CodeIgniter->runController(Object(App\Controllers\Residentes))
#8 C:\laragon\www\FreeFood\system\CodeIgniter.php(326): CodeIgniter\CodeIgniter->handleRequest(NULL, Object(Config\Cache), false)
#9 C:\laragon\www\FreeFood\index.php(44): CodeIgniter\CodeIgniter->run()
#10 {main}
ERROR - 2022-03-25 20:59:44 --> Error connecting to the database: Access denied for user ''@'localhost' (using password: NO)
CRITICAL - 2022-03-25 20:59:44 --> Unable to connect to the database.
Main connection [MySQLi]: Access denied for user ''@'localhost' (using password: NO)
#0 C:\laragon\www\FreeFood\system\Database\BaseConnection.php(577): CodeIgniter\Database\BaseConnection->initialize()
#1 C:\laragon\www\FreeFood\system\Database\BaseBuilder.php(1455): CodeIgniter\Database\BaseConnection->query('SELECT `residen...', Array, false)
#2 C:\laragon\www\FreeFood\system\Model.php(183): CodeIgniter\Database\BaseBuilder->get()
#3 C:\laragon\www\FreeFood\system\BaseModel.php(584): CodeIgniter\Model->doFindAll(0, 0)
#4 C:\laragon\www\FreeFood\app\Models\ResidentesModel.php(32): CodeIgniter\BaseModel->findAll()
#5 C:\laragon\www\FreeFood\app\Controllers\Residentes.php(35): App\Models\ResidentesModel->obtener()
#6 C:\laragon\www\FreeFood\system\CodeIgniter.php(832): App\Controllers\Residentes->get()
#7 C:\laragon\www\FreeFood\system\CodeIgniter.php(419): CodeIgniter\CodeIgniter->runController(Object(App\Controllers\Residentes))
#8 C:\laragon\www\FreeFood\system\CodeIgniter.php(326): CodeIgniter\CodeIgniter->handleRequest(NULL, Object(Config\Cache), false)
#9 C:\laragon\www\FreeFood\index.php(44): CodeIgniter\CodeIgniter->run()
#10 {main}
ERROR - 2022-03-25 20:59:52 --> Error connecting to the database: Access denied for user ''@'localhost' (using password: NO)
CRITICAL - 2022-03-25 20:59:52 --> Unable to connect to the database.
Main connection [MySQLi]: Access denied for user ''@'localhost' (using password: NO)
#0 C:\laragon\www\FreeFood\system\Database\BaseConnection.php(577): CodeIgniter\Database\BaseConnection->initialize()
#1 C:\laragon\www\FreeFood\system\Database\BaseBuilder.php(1455): CodeIgniter\Database\BaseConnection->query('SELECT `residen...', Array, false)
#2 C:\laragon\www\FreeFood\system\Model.php(183): CodeIgniter\Database\BaseBuilder->get()
#3 C:\laragon\www\FreeFood\system\BaseModel.php(584): CodeIgniter\Model->doFindAll(0, 0)
#4 C:\laragon\www\FreeFood\app\Models\ResidentesModel.php(32): CodeIgniter\BaseModel->findAll()
#5 C:\laragon\www\FreeFood\app\Controllers\Residentes.php(35): App\Models\ResidentesModel->obtener()
#6 C:\laragon\www\FreeFood\system\CodeIgniter.php(832): App\Controllers\Residentes->get()
#7 C:\laragon\www\FreeFood\system\CodeIgniter.php(419): CodeIgniter\CodeIgniter->runController(Object(App\Controllers\Residentes))
#8 C:\laragon\www\FreeFood\system\CodeIgniter.php(326): CodeIgniter\CodeIgniter->handleRequest(NULL, Object(Config\Cache), false)
#9 C:\laragon\www\FreeFood\index.php(44): CodeIgniter\CodeIgniter->run()
#10 {main}
ERROR - 2022-03-25 21:00:56 --> Error connecting to the database: Access denied for user ''@'localhost' (using password: NO)
CRITICAL - 2022-03-25 21:00:56 --> Unable to connect to the database.
Main connection [MySQLi]: Access denied for user ''@'localhost' (using password: NO)
#0 C:\laragon\www\FreeFood\system\Database\BaseConnection.php(577): CodeIgniter\Database\BaseConnection->initialize()
#1 C:\laragon\www\FreeFood\system\Database\BaseBuilder.php(1455): CodeIgniter\Database\BaseConnection->query('SELECT `residen...', Array, false)
#2 C:\laragon\www\FreeFood\system\Model.php(183): CodeIgniter\Database\BaseBuilder->get()
#3 C:\laragon\www\FreeFood\system\BaseModel.php(584): CodeIgniter\Model->doFindAll(0, 0)
#4 C:\laragon\www\FreeFood\app\Models\ResidentesModel.php(32): CodeIgniter\BaseModel->findAll()
#5 C:\laragon\www\FreeFood\app\Controllers\Residentes.php(35): App\Models\ResidentesModel->obtener()
#6 C:\laragon\www\FreeFood\system\CodeIgniter.php(832): App\Controllers\Residentes->get()
#7 C:\laragon\www\FreeFood\system\CodeIgniter.php(419): CodeIgniter\CodeIgniter->runController(Object(App\Controllers\Residentes))
#8 C:\laragon\www\FreeFood\system\CodeIgniter.php(326): CodeIgniter\CodeIgniter->handleRequest(NULL, Object(Config\Cache), false)
#9 C:\laragon\www\FreeFood\index.php(44): CodeIgniter\CodeIgniter->run()
#10 {main}
ERROR - 2022-03-25 21:02:26 --> Error connecting to the database: Access denied for user ''@'localhost' (using password: NO)
CRITICAL - 2022-03-25 21:02:26 --> Unable to connect to the database.
Main connection [MySQLi]: Access denied for user ''@'localhost' (using password: NO)
#0 C:\laragon\www\FreeFood\system\Database\BaseConnection.php(577): CodeIgniter\Database\BaseConnection->initialize()
#1 C:\laragon\www\FreeFood\system\Database\BaseBuilder.php(1455): CodeIgniter\Database\BaseConnection->query('SELECT `residen...', Array, false)
#2 C:\laragon\www\FreeFood\system\Model.php(183): CodeIgniter\Database\BaseBuilder->get()
#3 C:\laragon\www\FreeFood\system\BaseModel.php(584): CodeIgniter\Model->doFindAll(0, 0)
#4 C:\laragon\www\FreeFood\app\Models\ResidentesModel.php(32): CodeIgniter\BaseModel->findAll()
#5 C:\laragon\www\FreeFood\app\Controllers\Residentes.php(35): App\Models\ResidentesModel->obtener()
#6 C:\laragon\www\FreeFood\system\CodeIgniter.php(832): App\Controllers\Residentes->get()
#7 C:\laragon\www\FreeFood\system\CodeIgniter.php(419): CodeIgniter\CodeIgniter->runController(Object(App\Controllers\Residentes))
#8 C:\laragon\www\FreeFood\system\CodeIgniter.php(326): CodeIgniter\CodeIgniter->handleRequest(NULL, Object(Config\Cache), false)
#9 C:\laragon\www\FreeFood\index.php(44): CodeIgniter\CodeIgniter->run()
#10 {main}
ERROR - 2022-03-25 21:02:30 --> Error connecting to the database: Access denied for user ''@'localhost' (using password: NO)
CRITICAL - 2022-03-25 21:02:30 --> Unable to connect to the database.
Main connection [MySQLi]: Access denied for user ''@'localhost' (using password: NO)
#0 C:\laragon\www\FreeFood\system\Database\BaseConnection.php(577): CodeIgniter\Database\BaseConnection->initialize()
#1 C:\laragon\www\FreeFood\system\Database\BaseBuilder.php(1455): CodeIgniter\Database\BaseConnection->query('SELECT `residen...', Array, false)
#2 C:\laragon\www\FreeFood\system\Model.php(183): CodeIgniter\Database\BaseBuilder->get()
#3 C:\laragon\www\FreeFood\system\BaseModel.php(584): CodeIgniter\Model->doFindAll(0, 0)
#4 C:\laragon\www\FreeFood\app\Models\ResidentesModel.php(32): CodeIgniter\BaseModel->findAll()
#5 C:\laragon\www\FreeFood\app\Controllers\Residentes.php(35): App\Models\ResidentesModel->obtener()
#6 C:\laragon\www\FreeFood\system\CodeIgniter.php(832): App\Controllers\Residentes->get()
#7 C:\laragon\www\FreeFood\system\CodeIgniter.php(419): CodeIgniter\CodeIgniter->runController(Object(App\Controllers\Residentes))
#8 C:\laragon\www\FreeFood\system\CodeIgniter.php(326): CodeIgniter\CodeIgniter->handleRequest(NULL, Object(Config\Cache), false)
#9 C:\laragon\www\FreeFood\index.php(44): CodeIgniter\CodeIgniter->run()
#10 {main}
ERROR - 2022-03-25 21:03:54 --> Error connecting to the database: Access denied for user '****'@'localhost' (using password: YES)
CRITICAL - 2022-03-25 21:03:54 --> Unable to connect to the database.
Main connection [MySQLi]: Access denied for user '****'@'localhost' (using password: YES)
#0 C:\laragon\www\FreeFood\system\Database\BaseConnection.php(577): CodeIgniter\Database\BaseConnection->initialize()
#1 C:\laragon\www\FreeFood\system\Database\BaseBuilder.php(1455): CodeIgniter\Database\BaseConnection->query('SELECT `residen...', Array, false)
#2 C:\laragon\www\FreeFood\system\Model.php(183): CodeIgniter\Database\BaseBuilder->get()
#3 C:\laragon\www\FreeFood\system\BaseModel.php(584): CodeIgniter\Model->doFindAll(0, 0)
#4 C:\laragon\www\FreeFood\app\Models\ResidentesModel.php(32): CodeIgniter\BaseModel->findAll()
#5 C:\laragon\www\FreeFood\app\Controllers\Residentes.php(35): App\Models\ResidentesModel->obtener()
#6 C:\laragon\www\FreeFood\system\CodeIgniter.php(832): App\Controllers\Residentes->get()
#7 C:\laragon\www\FreeFood\system\CodeIgniter.php(419): CodeIgniter\CodeIgniter->runController(Object(App\Controllers\Residentes))
#8 C:\laragon\www\FreeFood\system\CodeIgniter.php(326): CodeIgniter\CodeIgniter->handleRequest(NULL, Object(Config\Cache), false)
#9 C:\laragon\www\FreeFood\index.php(44): CodeIgniter\CodeIgniter->run()
#10 {main}
ERROR - 2022-03-25 21:04:01 --> Error connecting to the database: Access denied for user '****'@'localhost' (using password: YES)
CRITICAL - 2022-03-25 21:04:01 --> Unable to connect to the database.
Main connection [MySQLi]: Access denied for user '****'@'localhost' (using password: YES)
#0 C:\laragon\www\FreeFood\system\Database\BaseConnection.php(577): CodeIgniter\Database\BaseConnection->initialize()
#1 C:\laragon\www\FreeFood\system\Database\BaseBuilder.php(1455): CodeIgniter\Database\BaseConnection->query('SELECT `residen...', Array, false)
#2 C:\laragon\www\FreeFood\system\Model.php(183): CodeIgniter\Database\BaseBuilder->get()
#3 C:\laragon\www\FreeFood\system\BaseModel.php(584): CodeIgniter\Model->doFindAll(0, 0)
#4 C:\laragon\www\FreeFood\app\Models\ResidentesModel.php(32): CodeIgniter\BaseModel->findAll()
#5 C:\laragon\www\FreeFood\app\Controllers\Residentes.php(35): App\Models\ResidentesModel->obtener()
#6 C:\laragon\www\FreeFood\system\CodeIgniter.php(832): App\Controllers\Residentes->get()
#7 C:\laragon\www\FreeFood\system\CodeIgniter.php(419): CodeIgniter\CodeIgniter->runController(Object(App\Controllers\Residentes))
#8 C:\laragon\www\FreeFood\system\CodeIgniter.php(326): CodeIgniter\CodeIgniter->handleRequest(NULL, Object(Config\Cache), false)
#9 C:\laragon\www\FreeFood\index.php(44): CodeIgniter\CodeIgniter->run()
#10 {main}
ERROR - 2022-03-25 21:05:03 --> Error connecting to the database: Access denied for user '****'@'localhost' (using password: YES)
CRITICAL - 2022-03-25 21:05:03 --> Unable to connect to the database.
Main connection [MySQLi]: Access denied for user '****'@'localhost' (using password: YES)
#0 C:\laragon\www\FreeFood\system\Database\BaseConnection.php(577): CodeIgniter\Database\BaseConnection->initialize()
#1 C:\laragon\www\FreeFood\system\Database\BaseBuilder.php(1455): CodeIgniter\Database\BaseConnection->query('SELECT `residen...', Array, false)
#2 C:\laragon\www\FreeFood\system\Model.php(183): CodeIgniter\Database\BaseBuilder->get()
#3 C:\laragon\www\FreeFood\system\BaseModel.php(584): CodeIgniter\Model->doFindAll(0, 0)
#4 C:\laragon\www\FreeFood\app\Models\ResidentesModel.php(32): CodeIgniter\BaseModel->findAll()
#5 C:\laragon\www\FreeFood\app\Controllers\Residentes.php(35): App\Models\ResidentesModel->obtener()
#6 C:\laragon\www\FreeFood\system\CodeIgniter.php(832): App\Controllers\Residentes->get()
#7 C:\laragon\www\FreeFood\system\CodeIgniter.php(419): CodeIgniter\CodeIgniter->runController(Object(App\Controllers\Residentes))
#8 C:\laragon\www\FreeFood\system\CodeIgniter.php(326): CodeIgniter\CodeIgniter->handleRequest(NULL, Object(Config\Cache), false)
#9 C:\laragon\www\FreeFood\index.php(44): CodeIgniter\CodeIgniter->run()
#10 {main}
ERROR - 2022-03-25 21:05:05 --> Error connecting to the database: Access denied for user '****'@'localhost' (using password: YES)
CRITICAL - 2022-03-25 21:05:05 --> Unable to connect to the database.
Main connection [MySQLi]: Access denied for user '****'@'localhost' (using password: YES)
#0 C:\laragon\www\FreeFood\system\Database\BaseConnection.php(577): CodeIgniter\Database\BaseConnection->initialize()
#1 C:\laragon\www\FreeFood\system\Database\BaseBuilder.php(1455): CodeIgniter\Database\BaseConnection->query('SELECT `residen...', Array, false)
#2 C:\laragon\www\FreeFood\system\Model.php(183): CodeIgniter\Database\BaseBuilder->get()
#3 C:\laragon\www\FreeFood\system\BaseModel.php(584): CodeIgniter\Model->doFindAll(0, 0)
#4 C:\laragon\www\FreeFood\app\Models\ResidentesModel.php(32): CodeIgniter\BaseModel->findAll()
#5 C:\laragon\www\FreeFood\app\Controllers\Residentes.php(35): App\Models\ResidentesModel->obtener()
#6 C:\laragon\www\FreeFood\system\CodeIgniter.php(832): App\Controllers\Residentes->get()
#7 C:\laragon\www\FreeFood\system\CodeIgniter.php(419): CodeIgniter\CodeIgniter->runController(Object(App\Controllers\Residentes))
#8 C:\laragon\www\FreeFood\system\CodeIgniter.php(326): CodeIgniter\CodeIgniter->handleRequest(NULL, Object(Config\Cache), false)
#9 C:\laragon\www\FreeFood\index.php(44): CodeIgniter\CodeIgniter->run()
#10 {main}
ERROR - 2022-03-25 21:05:05 --> Error connecting to the database: Access denied for user '****'@'localhost' (using password: YES)
CRITICAL - 2022-03-25 21:05:05 --> Unable to connect to the database.
Main connection [MySQLi]: Access denied for user '****'@'localhost' (using password: YES)
#0 C:\laragon\www\FreeFood\system\Database\BaseConnection.php(577): CodeIgniter\Database\BaseConnection->initialize()
#1 C:\laragon\www\FreeFood\system\Database\BaseBuilder.php(1455): CodeIgniter\Database\BaseConnection->query('SELECT `residen...', Array, false)
#2 C:\laragon\www\FreeFood\system\Model.php(183): CodeIgniter\Database\BaseBuilder->get()
#3 C:\laragon\www\FreeFood\system\BaseModel.php(584): CodeIgniter\Model->doFindAll(0, 0)
#4 C:\laragon\www\FreeFood\app\Models\ResidentesModel.php(32): CodeIgniter\BaseModel->findAll()
#5 C:\laragon\www\FreeFood\app\Controllers\Residentes.php(35): App\Models\ResidentesModel->obtener()
#6 C:\laragon\www\FreeFood\system\CodeIgniter.php(832): App\Controllers\Residentes->get()
#7 C:\laragon\www\FreeFood\system\CodeIgniter.php(419): CodeIgniter\CodeIgniter->runController(Object(App\Controllers\Residentes))
#8 C:\laragon\www\FreeFood\system\CodeIgniter.php(326): CodeIgniter\CodeIgniter->handleRequest(NULL, Object(Config\Cache), false)
#9 C:\laragon\www\FreeFood\index.php(44): CodeIgniter\CodeIgniter->run()
#10 {main}
ERROR - 2022-03-25 21:06:45 --> Error connecting to the database: Access denied for user '****'@'localhost' (using password: YES)
CRITICAL - 2022-03-25 21:06:45 --> Unable to connect to the database.
Main connection [MySQLi]: Access denied for user '****'@'localhost' (using password: YES)
#0 C:\laragon\www\FreeFood\system\Database\BaseConnection.php(577): CodeIgniter\Database\BaseConnection->initialize()
#1 C:\laragon\www\FreeFood\system\Database\BaseBuilder.php(1455): CodeIgniter\Database\BaseConnection->query('SELECT `residen...', Array, false)
#2 C:\laragon\www\FreeFood\system\Model.php(183): CodeIgniter\Database\BaseBuilder->get()
#3 C:\laragon\www\FreeFood\system\BaseModel.php(584): CodeIgniter\Model->doFindAll(0, 0)
#4 C:\laragon\www\FreeFood\app\Models\ResidentesModel.php(32): CodeIgniter\BaseModel->findAll()
#5 C:\laragon\www\FreeFood\app\Controllers\Residentes.php(35): App\Models\ResidentesModel->obtener()
#6 C:\laragon\www\FreeFood\system\CodeIgniter.php(832): App\Controllers\Residentes->get()
#7 C:\laragon\www\FreeFood\system\CodeIgniter.php(419): CodeIgniter\CodeIgniter->runController(Object(App\Controllers\Residentes))
#8 C:\laragon\www\FreeFood\system\CodeIgniter.php(326): CodeIgniter\CodeIgniter->handleRequest(NULL, Object(Config\Cache), false)
#9 C:\laragon\www\FreeFood\index.php(44): CodeIgniter\CodeIgniter->run()
#10 {main}
ERROR - 2022-03-25 21:07:07 --> Error connecting to the database: Access denied for user '****'@'localhost' (using password: YES)
CRITICAL - 2022-03-25 21:07:07 --> Unable to connect to the database.
Main connection [MySQLi]: Access denied for user '****'@'localhost' (using password: YES)
#0 C:\laragon\www\FreeFood\system\Database\BaseConnection.php(577): CodeIgniter\Database\BaseConnection->initialize()
#1 C:\laragon\www\FreeFood\system\Database\BaseBuilder.php(1455): CodeIgniter\Database\BaseConnection->query('SELECT `residen...', Array, false)
#2 C:\laragon\www\FreeFood\system\Model.php(183): CodeIgniter\Database\BaseBuilder->get()
#3 C:\laragon\www\FreeFood\system\BaseModel.php(584): CodeIgniter\Model->doFindAll(0, 0)
#4 C:\laragon\www\FreeFood\app\Models\ResidentesModel.php(32): CodeIgniter\BaseModel->findAll()
#5 C:\laragon\www\FreeFood\app\Controllers\Residentes.php(35): App\Models\ResidentesModel->obtener()
#6 C:\laragon\www\FreeFood\system\CodeIgniter.php(832): App\Controllers\Residentes->get()
#7 C:\laragon\www\FreeFood\system\CodeIgniter.php(419): CodeIgniter\CodeIgniter->runController(Object(App\Controllers\Residentes))
#8 C:\laragon\www\FreeFood\system\CodeIgniter.php(326): CodeIgniter\CodeIgniter->handleRequest(NULL, Object(Config\Cache), false)
#9 C:\laragon\www\FreeFood\index.php(44): CodeIgniter\CodeIgniter->run()
#10 {main}
ERROR - 2022-03-25 21:07:08 --> Error connecting to the database: Access denied for user '****'@'localhost' (using password: YES)
CRITICAL - 2022-03-25 21:07:08 --> Unable to connect to the database.
Main connection [MySQLi]: Access denied for user '****'@'localhost' (using password: YES)
#0 C:\laragon\www\FreeFood\system\Database\BaseConnection.php(577): CodeIgniter\Database\BaseConnection->initialize()
#1 C:\laragon\www\FreeFood\system\Database\BaseBuilder.php(1455): CodeIgniter\Database\BaseConnection->query('SELECT `residen...', Array, false)
#2 C:\laragon\www\FreeFood\system\Model.php(183): CodeIgniter\Database\BaseBuilder->get()
#3 C:\laragon\www\FreeFood\system\BaseModel.php(584): CodeIgniter\Model->doFindAll(0, 0)
#4 C:\laragon\www\FreeFood\app\Models\ResidentesModel.php(32): CodeIgniter\BaseModel->findAll()
#5 C:\laragon\www\FreeFood\app\Controllers\Residentes.php(35): App\Models\ResidentesModel->obtener()
#6 C:\laragon\www\FreeFood\system\CodeIgniter.php(832): App\Controllers\Residentes->get()
#7 C:\laragon\www\FreeFood\system\CodeIgniter.php(419): CodeIgniter\CodeIgniter->runController(Object(App\Controllers\Residentes))
#8 C:\laragon\www\FreeFood\system\CodeIgniter.php(326): CodeIgniter\CodeIgniter->handleRequest(NULL, Object(Config\Cache), false)
#9 C:\laragon\www\FreeFood\index.php(44): CodeIgniter\CodeIgniter->run()
#10 {main}
ERROR - 2022-03-25 21:07:09 --> Error connecting to the database: Access denied for user '****'@'localhost' (using password: YES)
CRITICAL - 2022-03-25 21:07:09 --> Unable to connect to the database.
Main connection [MySQLi]: Access denied for user '****'@'localhost' (using password: YES)
#0 C:\laragon\www\FreeFood\system\Database\BaseConnection.php(577): CodeIgniter\Database\BaseConnection->initialize()
#1 C:\laragon\www\FreeFood\system\Database\BaseBuilder.php(1455): CodeIgniter\Database\BaseConnection->query('SELECT `residen...', Array, false)
#2 C:\laragon\www\FreeFood\system\Model.php(183): CodeIgniter\Database\BaseBuilder->get()
#3 C:\laragon\www\FreeFood\system\BaseModel.php(584): CodeIgniter\Model->doFindAll(0, 0)
#4 C:\laragon\www\FreeFood\app\Models\ResidentesModel.php(32): CodeIgniter\BaseModel->findAll()
#5 C:\laragon\www\FreeFood\app\Controllers\Residentes.php(35): App\Models\ResidentesModel->obtener()
#6 C:\laragon\www\FreeFood\system\CodeIgniter.php(832): App\Controllers\Residentes->get()
#7 C:\laragon\www\FreeFood\system\CodeIgniter.php(419): CodeIgniter\CodeIgniter->runController(Object(App\Controllers\Residentes))
#8 C:\laragon\www\FreeFood\system\CodeIgniter.php(326): CodeIgniter\CodeIgniter->handleRequest(NULL, Object(Config\Cache), false)
#9 C:\laragon\www\FreeFood\index.php(44): CodeIgniter\CodeIgniter->run()
#10 {main}
ERROR - 2022-03-25 21:07:14 --> Error connecting to the database: Access denied for user '****'@'localhost' (using password: YES)
CRITICAL - 2022-03-25 21:07:14 --> Unable to connect to the database.
Main connection [MySQLi]: Access denied for user '****'@'localhost' (using password: YES)
#0 C:\laragon\www\FreeFood\system\Database\BaseConnection.php(577): CodeIgniter\Database\BaseConnection->initialize()
#1 C:\laragon\www\FreeFood\system\Database\BaseBuilder.php(1455): CodeIgniter\Database\BaseConnection->query('SELECT `residen...', Array, false)
#2 C:\laragon\www\FreeFood\system\Model.php(183): CodeIgniter\Database\BaseBuilder->get()
#3 C:\laragon\www\FreeFood\system\BaseModel.php(584): CodeIgniter\Model->doFindAll(0, 0)
#4 C:\laragon\www\FreeFood\app\Models\ResidentesModel.php(32): CodeIgniter\BaseModel->findAll()
#5 C:\laragon\www\FreeFood\app\Controllers\Residentes.php(35): App\Models\ResidentesModel->obtener()
#6 C:\laragon\www\FreeFood\system\CodeIgniter.php(832): App\Controllers\Residentes->get()
#7 C:\laragon\www\FreeFood\system\CodeIgniter.php(419): CodeIgniter\CodeIgniter->runController(Object(App\Controllers\Residentes))
#8 C:\laragon\www\FreeFood\system\CodeIgniter.php(326): CodeIgniter\CodeIgniter->handleRequest(NULL, Object(Config\Cache), false)
#9 C:\laragon\www\FreeFood\index.php(44): CodeIgniter\CodeIgniter->run()
#10 {main}
ERROR - 2022-03-25 21:08:28 --> Error connecting to the database: Access denied for user '****'@'localhost' (using password: YES)
CRITICAL - 2022-03-25 21:08:28 --> Unable to connect to the database.
Main connection [MySQLi]: Access denied for user '****'@'localhost' (using password: YES)
#0 C:\laragon\www\FreeFood\system\Database\BaseConnection.php(577): CodeIgniter\Database\BaseConnection->initialize()
#1 C:\laragon\www\FreeFood\system\Database\BaseBuilder.php(1455): CodeIgniter\Database\BaseConnection->query('SELECT `residen...', Array, false)
#2 C:\laragon\www\FreeFood\system\Model.php(183): CodeIgniter\Database\BaseBuilder->get()
#3 C:\laragon\www\FreeFood\system\BaseModel.php(584): CodeIgniter\Model->doFindAll(0, 0)
#4 C:\laragon\www\FreeFood\app\Models\ResidentesModel.php(32): CodeIgniter\BaseModel->findAll()
#5 C:\laragon\www\FreeFood\app\Controllers\Residentes.php(35): App\Models\ResidentesModel->obtener()
#6 C:\laragon\www\FreeFood\system\CodeIgniter.php(832): App\Controllers\Residentes->get()
#7 C:\laragon\www\FreeFood\system\CodeIgniter.php(419): CodeIgniter\CodeIgniter->runController(Object(App\Controllers\Residentes))
#8 C:\laragon\www\FreeFood\system\CodeIgniter.php(326): CodeIgniter\CodeIgniter->handleRequest(NULL, Object(Config\Cache), false)
#9 C:\laragon\www\FreeFood\index.php(44): CodeIgniter\CodeIgniter->run()
#10 {main}
ERROR - 2022-03-25 21:09:16 --> Error connecting to the database: Access denied for user '****'@'localhost' (using password: YES)
CRITICAL - 2022-03-25 21:09:16 --> Unable to connect to the database.
Main connection [MySQLi]: Access denied for user '****'@'localhost' (using password: YES)
#0 C:\laragon\www\FreeFood\system\Database\BaseConnection.php(577): CodeIgniter\Database\BaseConnection->initialize()
#1 C:\laragon\www\FreeFood\system\Database\BaseBuilder.php(1455): CodeIgniter\Database\BaseConnection->query('SELECT `residen...', Array, false)
#2 C:\laragon\www\FreeFood\system\Model.php(183): CodeIgniter\Database\BaseBuilder->get()
#3 C:\laragon\www\FreeFood\system\BaseModel.php(584): CodeIgniter\Model->doFindAll(0, 0)
#4 C:\laragon\www\FreeFood\app\Models\ResidentesModel.php(32): CodeIgniter\BaseModel->findAll()
#5 C:\laragon\www\FreeFood\app\Controllers\Residentes.php(35): App\Models\ResidentesModel->obtener()
#6 C:\laragon\www\FreeFood\system\CodeIgniter.php(832): App\Controllers\Residentes->get()
#7 C:\laragon\www\FreeFood\system\CodeIgniter.php(419): CodeIgniter\CodeIgniter->runController(Object(App\Controllers\Residentes))
#8 C:\laragon\www\FreeFood\system\CodeIgniter.php(326): CodeIgniter\CodeIgniter->handleRequest(NULL, Object(Config\Cache), false)
#9 C:\laragon\www\FreeFood\index.php(44): CodeIgniter\CodeIgniter->run()
#10 {main}
ERROR - 2022-03-25 21:09:18 --> Error connecting to the database: Access denied for user '****'@'localhost' (using password: YES)
CRITICAL - 2022-03-25 21:09:18 --> Unable to connect to the database.
Main connection [MySQLi]: Access denied for user '****'@'localhost' (using password: YES)
#0 C:\laragon\www\FreeFood\system\Database\BaseConnection.php(577): CodeIgniter\Database\BaseConnection->initialize()
#1 C:\laragon\www\FreeFood\system\Database\BaseBuilder.php(1455): CodeIgniter\Database\BaseConnection->query('SELECT `residen...', Array, false)
#2 C:\laragon\www\FreeFood\system\Model.php(183): CodeIgniter\Database\BaseBuilder->get()
#3 C:\laragon\www\FreeFood\system\BaseModel.php(584): CodeIgniter\Model->doFindAll(0, 0)
#4 C:\laragon\www\FreeFood\app\Models\ResidentesModel.php(32): CodeIgniter\BaseModel->findAll()
#5 C:\laragon\www\FreeFood\app\Controllers\Residentes.php(35): App\Models\ResidentesModel->obtener()
#6 C:\laragon\www\FreeFood\system\CodeIgniter.php(832): App\Controllers\Residentes->get()
#7 C:\laragon\www\FreeFood\system\CodeIgniter.php(419): CodeIgniter\CodeIgniter->runController(Object(App\Controllers\Residentes))
#8 C:\laragon\www\FreeFood\system\CodeIgniter.php(326): CodeIgniter\CodeIgniter->handleRequest(NULL, Object(Config\Cache), false)
#9 C:\laragon\www\FreeFood\index.php(44): CodeIgniter\CodeIgniter->run()
#10 {main}
CRITICAL - 2022-03-25 21:16:34 --> Undefined property: App\Controllers\Residentes::$privilegios_CRUD
#0 C:\laragon\www\FreeFood\app\Controllers\Residentes.php(55): CodeIgniter\Debug\Exceptions->errorHandler(8, 'Undefined prope...', 'C:\\laragon\\www\\...', 55, Array)
#1 C:\laragon\www\FreeFood\system\CodeIgniter.php(832): App\Controllers\Residentes->get()
#2 C:\laragon\www\FreeFood\system\CodeIgniter.php(419): CodeIgniter\CodeIgniter->runController(Object(App\Controllers\Residentes))
#3 C:\laragon\www\FreeFood\system\CodeIgniter.php(326): CodeIgniter\CodeIgniter->handleRequest(NULL, Object(Config\Cache), false)
#4 C:\laragon\www\FreeFood\index.php(44): CodeIgniter\CodeIgniter->run()
#5 {main}
CRITICAL - 2022-03-25 21:16:39 --> Undefined property: App\Controllers\Residentes::$privilegios_CRUD
#0 C:\laragon\www\FreeFood\app\Controllers\Residentes.php(55): CodeIgniter\Debug\Exceptions->errorHandler(8, 'Undefined prope...', 'C:\\laragon\\www\\...', 55, Array)
#1 C:\laragon\www\FreeFood\system\CodeIgniter.php(832): App\Controllers\Residentes->get()
#2 C:\laragon\www\FreeFood\system\CodeIgniter.php(419): CodeIgniter\CodeIgniter->runController(Object(App\Controllers\Residentes))
#3 C:\laragon\www\FreeFood\system\CodeIgniter.php(326): CodeIgniter\CodeIgniter->handleRequest(NULL, Object(Config\Cache), false)
#4 C:\laragon\www\FreeFood\index.php(44): CodeIgniter\CodeIgniter->run()
#5 {main}
